
Test 1: Constructor and printing

v1: (0, 0, 0)
v2: (1, 2, 3)

Test 2: Addition and subtraction

v3: (1, 2, 3)
v4: (-2, 3, -1)

v3 + v4 is (-1, 5, 2)
v3 - v4 is (3, -1, 4)

Test 3: Vector multiplication

The scalar product of (1, 2, 3) and (-2, 3, -1) is 1

Test 4: Scalar multiplication

(1, 2, 3) * 2.345 = (2.345, 4.69, 7.035)
2.345 * (-2, 3, -1) = (-4.69, 7.035, -2.345)

Test 5: Subscripting

v5: (3.2, -5.4, 5.6)
v6: (1.3, 2.4, -3.1)
v5[0] = 3.2
v5[1] = -5.4
v5[2] = 5.6
v6: (-2.4, -1.3, 17.5)

v6 = v5
v6: (3.2, -5.4, 5.6)

Test 6: Equality

(-1, 2, -1) and (-1, 2, -1) are equal
(-1, 2, -1) and (-1, 2, -2) are not equal
