
Current input numbers: 
  23  16  15   9   6  17  10  13   8  20
  11  19   5   1   2   4   7   3  21  18
  22  12  24  14

Building a min heap...
Min heap: 
   1   3   2   4   6   5  10   7   8  18
  11  14  17  23  15  13  16   9  21  20
  22  12  24  19
Heap sort result (in ascending order): 
   1   2   3   4   5   6   7   8   9  10
  11  12  13  14  15  16  17  18  19  20
  21  22  23  24

Building a max heap...
Max heap: 
  24  23  15  19  22  13  14  17  18  21
  11  12   3   1   7  16   8   4   9  20
  10   5   2   6
Heap sort result (in descending order): 
  24  23  22  21  20  19  18  17  16  15
  14  13  12  11  10   9   8   7   6   5
   4   3   2   1
